<?xml version="1.0" encoding="utf-8" standalone="no"?>
<test-results xmlns:xsi="http://www.w3.org/2001/XMLSchema-instance" xsi:noNamespaceSchemaLocation="nunit_schema_2.5.xsd" name="Pester" total="4" errors="0" failures="0" not-run="0" inconclusive="0" ignored="0" skipped="0" invalid="0" date="2025-11-11" time="17:26:49">
  <environment machine-name="PRLPTUS-42" user="stephen.nix" os-version="10.0.26200" platform="Microsoft Windows 11 Business|C:\WINDOWS|\Device\Harddisk0\Partition3" clr-version="9.0.10" user-domain="PROVALTECH" cwd="C:\Users\stephen.nix\src\PSImmyBot" nunit-version="2.5.8.0" />
  <culture-info current-culture="en-US" current-uiculture="en-US" />
  <test-suite type="TestFixture" name="Pester" executed="True" result="Success" success="True" time="5.4425" asserts="0" description="Pester">
    <results>
      <test-suite type="TestFixture" name="C:\Users\stephen.nix\src\PSImmyBot\Tests\Connect-ImmyApi.Tests.ps1" executed="True" result="Success" success="True" time="1.3282" asserts="0" description="C:\Users\stephen.nix\src\PSImmyBot\Tests\Connect-ImmyApi.Tests.ps1">
        <results>
          <test-suite type="TestFixture" name="Connect-ImmyApi" executed="True" result="Success" success="True" time="0.7354" asserts="0" description="Connect-ImmyApi">
            <results>
              <test-case description="should return nothing without error" name="Connect-ImmyApi.should return nothing without error" time="0.6807" asserts="0" success="True" result="Success" executed="True" />
            </results>
          </test-suite>
        </results>
      </test-suite>
      <test-suite type="TestFixture" name="C:\Users\stephen.nix\src\PSImmyBot\Tests\Disconnect-ImmyApi.Tests.ps1" executed="True" result="Success" success="True" time="0.484" asserts="0" description="C:\Users\stephen.nix\src\PSImmyBot\Tests\Disconnect-ImmyApi.Tests.ps1">
        <results>
          <test-suite type="TestFixture" name="Disconnect-ImmyApi" executed="True" result="Success" success="True" time="0.0293" asserts="0" description="Disconnect-ImmyApi">
            <results>
              <test-case description="should disconnect from the API without error" name="Disconnect-ImmyApi.should disconnect from the API without error" time="0.019" asserts="0" success="True" result="Success" executed="True" />
            </results>
          </test-suite>
        </results>
      </test-suite>
      <test-suite type="TestFixture" name="C:\Users\stephen.nix\src\PSImmyBot\Tests\Get-ImmyAccessRequestResponse.Tests.ps1" executed="True" result="Success" success="True" time="0.7286" asserts="0" description="C:\Users\stephen.nix\src\PSImmyBot\Tests\Get-ImmyAccessRequestResponse.Tests.ps1">
        <results>
          <test-suite type="TestFixture" name="Get-ImmyAccessRequestResponse" executed="True" result="Success" success="True" time="0.2829" asserts="0" description="Get-ImmyAccessRequestResponse">
            <results>
              <test-case description="should return the access request response for a given request ID" name="Get-ImmyAccessRequestResponse.should return the access request response for a given request ID" time="0.2741" asserts="0" success="True" result="Success" executed="True" />
            </results>
          </test-suite>
        </results>
      </test-suite>
      <test-suite type="TestFixture" name="C:\Users\stephen.nix\src\PSImmyBot\Tests\Get-ImmyApiConnectionConfig.Tests.ps1" executed="True" result="Success" success="True" time="0.5649" asserts="0" description="C:\Users\stephen.nix\src\PSImmyBot\Tests\Get-ImmyApiConnectionConfig.Tests.ps1">
        <results>
          <test-suite type="TestFixture" name="Get-ImmyApiConnectionConfig" executed="True" result="Success" success="True" time="0.0428" asserts="0" description="Get-ImmyApiConnectionConfig">
            <results>
              <test-case description="should return the current API connection configuration" name="Get-ImmyApiConnectionConfig.should return the current API connection configuration" time="0.0326" asserts="0" success="True" result="Success" executed="True" />
            </results>
          </test-suite>
        </results>
      </test-suite>
    </results>
  </test-suite>
</test-results>